TN:
SF:functions\routes\findTwoBeers.js
FN:4,(anonymous_0)
FN:21,(anonymous_1)
FN:23,(anonymous_2)
FN:26,(anonymous_3)
FNF:4
FNH:3
FNDA:2,(anonymous_0)
FNDA:2,(anonymous_1)
FNDA:6,(anonymous_2)
FNDA:0,(anonymous_3)
DA:1,1
DA:2,1
DA:4,1
DA:5,2
DA:6,2
DA:7,2
DA:8,2
DA:10,2
DA:11,8
DA:12,8
DA:13,1
DA:15,7
DA:18,1
DA:21,1
DA:22,2
DA:23,6
DA:26,1
DA:27,0
DA:28,0
DA:29,0
DA:30,0
DA:31,0
DA:32,0
DA:33,0
DA:35,0
DA:38,0
DA:42,1
DA:44,1
DA:45,1
DA:46,1
LF:30
LH:21
BRDA:12,0,0,1
BRDA:12,0,1,7
BRDA:29,1,0,0
BRDA:29,1,1,0
BRDA:29,2,0,0
BRDA:29,2,1,0
BRDA:30,3,0,0
BRDA:30,3,1,0
BRF:8
BRH:2
end_of_record
TN:
SF:functions\tests\findTwoBeers.js
FN:18,(anonymous_0)
FN:19,(anonymous_1)
FN:25,(anonymous_2)
FN:26,(anonymous_3)
FN:32,(anonymous_4)
FN:33,(anonymous_5)
FN:40,(anonymous_6)
FN:41,(anonymous_7)
FN:50,(anonymous_8)
FN:51,(anonymous_9)
FN:63,(anonymous_10)
FN:64,(anonymous_11)
FN:71,(anonymous_12)
FN:78,(anonymous_13)
FN:79,(anonymous_14)
FN:87,(anonymous_15)
FN:94,(anonymous_16)
FN:95,(anonymous_17)
FN:103,(anonymous_18)
FNF:19
FNH:19
FNDA:1,(anonymous_0)
FNDA:1,(anonymous_1)
FNDA:1,(anonymous_2)
FNDA:1,(anonymous_3)
FNDA:1,(anonymous_4)
FNDA:1,(anonymous_5)
FNDA:1,(anonymous_6)
FNDA:1,(anonymous_7)
FNDA:1,(anonymous_8)
FNDA:1,(anonymous_9)
FNDA:1,(anonymous_10)
FNDA:1,(anonymous_11)
FNDA:1,(anonymous_12)
FNDA:1,(anonymous_13)
FNDA:1,(anonymous_14)
FNDA:1,(anonymous_15)
FNDA:1,(anonymous_16)
FNDA:1,(anonymous_17)
FNDA:1,(anonymous_18)
DA:1,1
DA:2,1
DA:3,1
DA:7,1
DA:8,1
DA:9,1
DA:10,1
DA:11,1
DA:12,1
DA:15,1
DA:18,1
DA:19,1
DA:20,1
DA:25,1
DA:26,1
DA:27,1
DA:32,1
DA:33,1
DA:34,1
DA:35,1
DA:40,1
DA:41,1
DA:42,1
DA:43,1
DA:44,1
DA:45,1
DA:50,1
DA:51,1
DA:52,1
DA:63,1
DA:64,1
DA:65,1
DA:72,1
DA:78,1
DA:79,1
DA:80,1
DA:88,1
DA:94,1
DA:95,1
DA:96,1
DA:104,1
LF:41
LH:41
BRDA:72,0,0,0
BRDA:72,0,1,1
BRDA:88,1,0,0
BRDA:88,1,1,1
BRDA:104,2,0,0
BRDA:104,2,1,1
BRF:6
BRH:3
end_of_record
